[INFO] Scanning for projects...
[INFO] 
[INFO] -----------------< Feb2024POMSeries:Feb2024POMSeries >------------------
[INFO] Building Feb2024POMSeries 0.0.1-SNAPSHOT
[INFO]   from pom.xml
[INFO] --------------------------------[ jar ]---------------------------------
[INFO] 
[INFO] --- maven-clean-plugin:2.5:clean (default-clean) @ Feb2024POMSeries ---
[INFO] Deleting C:\eclipse-workspace\Feb2024POMSeries\target
[INFO] 
[INFO] --- maven-resources-plugin:2.6:resources (default-resources) @ Feb2024POMSeries ---
[INFO] Using 'UTF-8' encoding to copy filtered resources.
[INFO] Copying 0 resource
[INFO] 
[INFO] --- maven-compiler-plugin:3.8.1:compile (default-compile) @ Feb2024POMSeries ---
[INFO] Changes detected - recompiling the module!
[INFO] Compiling 22 source files to C:\eclipse-workspace\Feb2024POMSeries\target\classes
[INFO] 
[INFO] --- maven-resources-plugin:2.6:testResources (default-testResources) @ Feb2024POMSeries ---
[INFO] Using 'UTF-8' encoding to copy filtered resources.
[INFO] Copying 12 resources
[INFO] 
[INFO] --- maven-compiler-plugin:3.8.1:testCompile (default-testCompile) @ Feb2024POMSeries ---
[INFO] Changes detected - recompiling the module!
[INFO] Compiling 6 source files to C:\eclipse-workspace\Feb2024POMSeries\target\test-classes
[INFO] 
[INFO] --- maven-surefire-plugin:2.20:test (default-test) @ Feb2024POMSeries ---
[INFO] 
[INFO] -------------------------------------------------------
[INFO]  T E S T S
[INFO] -------------------------------------------------------
[INFO] Running TestSuite
...
... TestNG 7.0.0 by Cédric Beust (cedric@beust.com)
...

Test Suite started!
I am in onStart method Login Page Test
running test suite on env--->null
env name is not given, hence running it on QA environment....
browser name is : chrome
loginPageTitleTest started!
I am in onTestStart method loginPageTitleTest start
Login page title is : Account Login
loginPageTitleTest passed!
I am in onTestSuccess method loginPageTitleTest succeed
loginPageURLTest started!
I am in onTestStart method loginPageURLTest start
Login page url is : https://naveenautomationlabs.com/opencart/index.php?route=account/login
loginPageURLTest passed!
I am in onTestSuccess method loginPageURLTest succeed
forgotPwdLinkExistTest started!
I am in onTestStart method forgotPwdLinkExistTest start
element is displayed: By.linkText: Forgotten Password
forgotPwdLinkExistTest passed!
I am in onTestSuccess method forgotPwdLinkExistTest succeed
loginTest started!
I am in onTestStart method loginTest start
Acc page title : My Account
loginTest passed!
I am in onTestSuccess method loginTest succeed
Test Suite is ending!
I am in onFinish method Login Page Test
[INFO] Tests run: 4, Failures: 0, Errors: 0, Skipped: 0, Time elapsed: 6.618 s - in TestSuite
[INFO] 
[INFO] Results:
[INFO] 
[INFO] Tests run: 4, Failures: 0, Errors: 0, Skipped: 0
[INFO] 
[INFO] 
[INFO] --- maven-jar-plugin:2.4:jar (default-jar) @ Feb2024POMSeries ---
[INFO] Building jar: C:\eclipse-workspace\Feb2024POMSeries\target\Feb2024POMSeries-0.0.1-SNAPSHOT.jar
[INFO] 
[INFO] --- maven-install-plugin:2.4:install (default-install) @ Feb2024POMSeries ---
[INFO] Installing C:\eclipse-workspace\Feb2024POMSeries\target\Feb2024POMSeries-0.0.1-SNAPSHOT.jar to C:\Users\myhome\.m2\repository\Feb2024POMSeries\Feb2024POMSeries\0.0.1-SNAPSHOT\Feb2024POMSeries-0.0.1-SNAPSHOT.jar
[INFO] Installing C:\eclipse-workspace\Feb2024POMSeries\pom.xml to C:\Users\myhome\.m2\repository\Feb2024POMSeries\Feb2024POMSeries\0.0.1-SNAPSHOT\Feb2024POMSeries-0.0.1-SNAPSHOT.pom
[INFO] ------------------------------------------------------------------------
[INFO] BUILD SUCCESS
[INFO] ------------------------------------------------------------------------
[INFO] Total time:  11.304 s
[INFO] Finished at: 2024-07-24T01:20:03-04:00
[INFO] ------------------------------------------------------------------------
